<?xml version="1.0" encoding="UTF-8"?>
<!DOCTYPE suite SYSTEM "https://testng.org/testng-1.0.dtd">
<suite name="Suite">

<test name="Login">
	<classes>
		<class name="New_property_Wadhghat.Login"/>
	</classes>
</test>

 <test name="All Payments">
	<classes>
		<class name="Payments.Modewise_Payment"/>
	</classes>
</test>

</suite> <!-- Suite -->
 