<?xml version="1.0" encoding="UTF-8"?>
<!DOCTYPE suite SYSTEM "https://testng.org/testng-1.0.dtd">
<suite name="Suite">

<test name="Login">
	<classes>
		<class name="New_property_Wadhghat.Login"/>
	</classes>
</test>
 <test name="CreateNewProperty">
  <classes>
    <class name="New_property_Wadhghat.CMS_Test"/>
    </classes>
  </test>
 

<test name="All Payments">
	<classes>
		<class name="Payments.Modewise_Payment"/>
	</classes>
</test>
<!-- 
<test name="Typewise Payments">
	<classes>
		<class name="Payments.Typewise_Payment"/>
	</classes>
</test>
-->
<test name="Counter Reports">
	<classes>
		<class name="Reports.DownloadReports"/>
	</classes>
</test>
 <test name="MinorChanges">
	<classes>
    	<class name="New_property_Wadhghat.MinorChanges"/>
    </classes>
</test>
<test name="CollectionReport">
  <classes>
    <class name="Reports.CollectionReports"/>
  </classes>
</test>

<test name="ReportEngine">
	<classes>
    	<class name="Reports.ReportEngine"/>
    </classes>	
</test> 

<test name="OC">
	<classes>
    	<class name="New_property_Wadhghat.OC_Correction"/>  
	</classes>
</test>

<test name="Area Correction">
	<classes>
    	<class name="New_property_Wadhghat.Change_Area_Correction"/>  
	</classes>
</test>

<test name="Type of use Correction">
	<classes> 
    	<class name="New_property_Wadhghat.Change_Type_Of_Use_Correction"/> 
	</classes>
</test>
<!-- 
<test name="Old Information Correction">
	<classes>
   		 <class name="New_property_Wadhghat.Change_Old_Information_Correction"/> 
	</classes>
</test>
-->
<test name="Online Counter Checking">
  <classes>
    <class name="Reports.OnlineCounterReports"/>
    </classes>
  </test>

</suite> <!-- Suite -->
 