<?xml version="1.0" encoding="UTF-8"?>
<!DOCTYPE suite SYSTEM "https://testng.org/testng-1.0.dtd">
<suite name="Suite">
    
<test name="Login">
    <classes>
    	<class name="New_property_Wadhghat.Login"/>
    </classes>   
</test> 

<test name="MODE WISE WISE">
    <classes>
    	<class name="Payments.Modewise_Payment"/>
    </classes>
</test>   

<test name="TYPE WISE WISE">
    <classes>
    	<class name="Payments.Typewise_Payment"/>
    </classes>
</test> 

</suite> 
