<?xml version="1.0" encoding="UTF-8"?>
<!-- Generated by org.testng.reporters.JUnitReportReporter -->
<testsuite hostname="DESKTOP-81MK3MI" failures="0" tests="11" name="New_property_Wadhghat.CMS_Test" time="497.115" errors="0" timestamp="11 Nov 2024 12:50:26 GMT" skipped="1">
  <testcase classname="New_property_Wadhghat.CMS_Test" name="cmsPageWadhghat" time="15.509"/>
  <testcase classname="New_property_Wadhghat.CMS_Test" name="cmsRegisterPageWadhghat" time="18.109"/>
  <testcase classname="New_property_Wadhghat.CMS_Test" name="cmsComplaintRegisterWadhghat" time="20.508"/>
  <testcase classname="New_property_Wadhghat.CMS_Test" name="searchComplaintWadhghat" time="48.747"/>
  <testcase classname="New_property_Wadhghat.CMS_Test" name="Dataentry_owner_info" time="35.969"/>
  <testcase classname="New_property_Wadhghat.CMS_Test" name="Dataentry_floor_info" time="52.261"/>
  <testcase classname="New_property_Wadhghat.CMS_Test" name="OldTaxex_info" time="81.809"/>
  <testcase classname="New_property_Wadhghat.CMS_Test" name="AddTaxes_and_UploadFiles" time="121.192"/>
  <testcase classname="New_property_Wadhghat.CMS_Test" name="WadhghatApproval" time="15.829"/>
  <testcase classname="New_property_Wadhghat.CMS_Test" name="councilapproval" time="87.182"/>
  <testcase classname="New_property_Wadhghat.CMS_Test" name="loginPage">
    <skipped/>
  </testcase> <!-- loginPage -->
</testsuite> <!-- New_property_Wadhghat.CMS_Test -->
