<?xml version="1.0" encoding="UTF-8"?>
<!-- Generated by org.testng.reporters.JUnitReportReporter -->
<testsuite hostname="DESKTOP-81MK3MI" failures="0" tests="1" name="SmokTesting.tests" time="3.394" errors="0" timestamp="09 Nov 2024 12:33:01 GMT" skipped="0">
  <testcase classname="SmokTesting.tests" name="testTwo" time="3.394"/>
</testsuite> <!-- SmokTesting.tests -->
