<?xml version="1.0" encoding="UTF-8"?>
<!-- Generated by org.testng.reporters.JUnitReportReporter -->
<testsuite hostname="DESKTOP-81MK3MI" failures="0" tests="10" name="New_property_Wadhghat.CMS_Test" time="492.172" errors="0" timestamp="21 Dec 2024 06:22:48 GMT" skipped="0">
  <testcase classname="New_property_Wadhghat.CMS_Test" name="cmsPageWadhghat" time="15.671"/>
  <testcase classname="New_property_Wadhghat.CMS_Test" name="cmsRegisterPageWadhghat" time="17.316"/>
  <testcase classname="New_property_Wadhghat.CMS_Test" name="cmsComplaintRegisterWadhghat" time="20.015"/>
  <testcase classname="New_property_Wadhghat.CMS_Test" name="searchComplaintWadhghat" time="46.139"/>
  <testcase classname="New_property_Wadhghat.CMS_Test" name="Dataentry_owner_info" time="35.577"/>
  <testcase classname="New_property_Wadhghat.CMS_Test" name="Dataentry_floor_info" time="57.353"/>
  <testcase classname="New_property_Wadhghat.CMS_Test" name="OldTaxex_info" time="67.528"/>
  <testcase classname="New_property_Wadhghat.CMS_Test" name="AddTaxes_and_UploadFiles" time="127.200"/>
  <testcase classname="New_property_Wadhghat.CMS_Test" name="WadhghatApproval" time="17.531"/>
  <testcase classname="New_property_Wadhghat.CMS_Test" name="councilapproval" time="87.842"/>
</testsuite> <!-- New_property_Wadhghat.CMS_Test -->
