<?xml version="1.0" encoding="UTF-8"?>
<!-- Generated by org.testng.reporters.JUnitReportReporter -->
<testsuite hostname="DESKTOP-81MK3MI" failures="0" tests="1" name="Reports.CollectionReports" time="38.894" errors="0" timestamp="21 Dec 2024 06:22:48 GMT" skipped="0">
  <testcase classname="Reports.CollectionReports" name="TabDailyCollectionReport" time="38.894"/>
</testsuite> <!-- Reports.CollectionReports -->
