<?xml version="1.0" encoding="UTF-8"?>
<!-- Generated by org.testng.reporters.JUnitReportReporter -->
<testsuite hostname="DESKTOP-PDB47UE" failures="0" tests="3" name="Reports.DownloadReports" time="167.767" errors="0" timestamp="2024-11-22T13:21:26 IST" skipped="0">
  <testcase classname="Reports.DownloadReports" name="DownloadCounterReports" time="62.104"/>
  <system-out/>
  <testcase classname="Reports.DownloadReports" name="AssismentNakkal" time="50.669"/>
  <system-out/>
  <testcase classname="Reports.DownloadReports" name="NoDueCertificate" time="54.994"/>
  <system-out/>
</testsuite> <!-- Reports.DownloadReports -->
