<?xml version="1.0" encoding="UTF-8"?>
<!-- Generated by org.testng.reporters.JUnitReportReporter -->
<testsuite hostname="DESKTOP-81MK3MI" failures="0" tests="3" name="Reports.DownloadReports" time="158.205" errors="0" timestamp="12 Dec 2024 07:21:10 GMT" skipped="0">
  <testcase classname="Reports.DownloadReports" name="DownloadCounterReports" time="62.241"/>
  <testcase classname="Reports.DownloadReports" name="AssismentNakkal" time="48.053"/>
  <testcase classname="Reports.DownloadReports" name="NoDueCertificate" time="47.911"/>
</testsuite> <!-- Reports.DownloadReports -->
