<?xml version="1.0" encoding="UTF-8"?>
<!-- Generated by org.testng.reporters.JUnitReportReporter -->
<testsuite hostname="DESKTOP-81MK3MI" failures="0" tests="1" name="New_property_Wadhghat.MinorChanges" time="85.835" errors="0" timestamp="18 Dec 2024 09:55:01 GMT" skipped="0">
  <testcase classname="New_property_Wadhghat.MinorChanges" name="performMinorChangeAndVerify" time="85.835"/>
</testsuite> <!-- New_property_Wadhghat.MinorChanges -->
