<?xml version="1.0" encoding="UTF-8"?>
<!-- Generated by org.testng.reporters.JUnitReportReporter -->
<testsuite hostname="DESKTOP-PDB47UE" failures="0" tests="10" name="New_property_Wadhghat.CMS_Test" time="452.694" errors="0" timestamp="2024-11-26T16:56:24 IST" skipped="0">
  <testcase classname="New_property_Wadhghat.CMS_Test" name="cmsPageWadhghat" time="14.147"/>
  <system-out/>
  <testcase classname="New_property_Wadhghat.CMS_Test" name="cmsRegisterPageWadhghat" time="17.728"/>
  <system-out/>
  <testcase classname="New_property_Wadhghat.CMS_Test" name="cmsComplaintRegisterWadhghat" time="20.762"/>
  <system-out/>
  <testcase classname="New_property_Wadhghat.CMS_Test" name="searchComplaintWadhghat" time="38.747"/>
  <system-out/>
  <testcase classname="New_property_Wadhghat.CMS_Test" name="Dataentry_owner_info" time="35.213"/>
  <system-out/>
  <testcase classname="New_property_Wadhghat.CMS_Test" name="Dataentry_floor_info" time="48.117"/>
  <system-out/>
  <testcase classname="New_property_Wadhghat.CMS_Test" name="OldTaxex_info" time="48.295"/>
  <system-out/>
  <testcase classname="New_property_Wadhghat.CMS_Test" name="AddTaxes_and_UploadFiles" time="119.372"/>
  <system-out/>
  <testcase classname="New_property_Wadhghat.CMS_Test" name="WadhghatApproval" time="17.406"/>
  <system-out/>
  <testcase classname="New_property_Wadhghat.CMS_Test" name="councilapproval" time="92.907"/>
  <system-out/>
</testsuite> <!-- New_property_Wadhghat.CMS_Test -->
