<?xml version="1.0" encoding="UTF-8"?>
<!-- Generated by org.testng.reporters.JUnitReportReporter -->
<testsuite hostname="DESKTOP-81MK3MI" failures="0" tests="3" name="Reports.DownloadReports" time="169.971" errors="0" timestamp="29 Nov 2024 10:03:29 GMT" skipped="0">
  <testcase classname="Reports.DownloadReports" name="DownloadCounterReports" time="61.386"/>
  <testcase classname="Reports.DownloadReports" name="AssismentNakkal" time="55.636"/>
  <testcase classname="Reports.DownloadReports" name="NoDueCertificate" time="52.949"/>
</testsuite> <!-- Reports.DownloadReports -->
