<?xml version="1.0" encoding="UTF-8"?>
<!-- Generated by org.testng.reporters.JUnitReportReporter -->
<testsuite hostname="DESKTOP-81MK3MI" failures="0" tests="2" name="Reports.ReportEngine" time="120.894" errors="0" timestamp="11 Nov 2024 12:50:26 GMT" skipped="0">
  <testcase classname="Reports.ReportEngine" name="Notice_report" time="59.970"/>
  <testcase classname="Reports.ReportEngine" name="Karakarni_report" time="60.924"/>
</testsuite> <!-- Reports.ReportEngine -->
