<?xml version="1.0" encoding="UTF-8"?>
<!-- Generated by org.testng.reporters.JUnitReportReporter -->
<<<<<<< HEAD
<testsuite hostname="DESKTOP-81MK3MI" failures="0" tests="1" name="New_property_Wadhghat.Login" time="10.488" errors="0" timestamp="29 Nov 2024 10:25:36 GMT" skipped="0">
  <testcase classname="New_property_Wadhghat.Login" name="loginPage" time="10.488"/>
=======
<testsuite hostname="DESKTOP-PDB47UE" failures="0" tests="1" name="New_property_Wadhghat.Login" time="16.359" errors="0" timestamp="2024-11-26T18:55:21 IST" skipped="0">
  <testcase classname="New_property_Wadhghat.Login" name="loginPage" time="16.359"/>
  <system-out/>
>>>>>>> test
</testsuite> <!-- New_property_Wadhghat.Login -->
