<?xml version="1.0" encoding="UTF-8"?>
<!-- Generated by org.testng.reporters.JUnitReportReporter -->
<testsuite hostname="DESKTOP-PDB47UE" failures="0" tests="2" name="Reports.ReportEngine" time="191.589" errors="0" timestamp="2024-11-16T15:00:07 IST" skipped="0">
  <testcase classname="Reports.ReportEngine" name="Notice_report" time="79.769"/>
  <system-out/>
  <testcase classname="Reports.ReportEngine" name="Karakarni_report" time="111.820"/>
  <system-out/>
</testsuite> <!-- Reports.ReportEngine -->
