<?xml version="1.0" encoding="UTF-8"?>
<!-- Generated by org.testng.reporters.JUnitReportReporter -->
<testsuite hostname="DESKTOP-PDB47UE" failures="0" tests="3" name="Reports.DownloadReports" time="168.416" errors="0" timestamp="2024-11-13T20:57:07 IST" skipped="0">
  <testcase classname="Reports.DownloadReports" name="DownloadCounterReports" time="62.115"/>
  <system-out/>
  <testcase classname="Reports.DownloadReports" name="AssismentNakkal" time="56.953"/>
  <system-out/>
  <testcase classname="Reports.DownloadReports" name="NoDueCertificate" time="49.348"/>
  <system-out/>
</testsuite> <!-- Reports.DownloadReports -->
