<?xml version="1.0" encoding="UTF-8"?>
<!-- Generated by org.testng.reporters.JUnitReportReporter -->
<testsuite hostname="DESKTOP-81MK3MI" failures="0" tests="1" name="New_property_Wadhghat.MinorChanges" time="83.178" errors="0" timestamp="21 Dec 2024 06:22:48 GMT" skipped="0">
  <testcase classname="New_property_Wadhghat.MinorChanges" name="performMinorChangeAndVerify" time="83.178"/>
</testsuite> <!-- New_property_Wadhghat.MinorChanges -->
