<?xml version="1.0" encoding="UTF-8"?>
<!-- Generated by org.testng.reporters.JUnitReportReporter -->
<testsuite hostname="DESKTOP-81MK3MI" failures="0" tests="2" name="Reports.ReportEngine" time="118.487" errors="0" timestamp="12 Dec 2024 07:21:10 GMT" skipped="0">
  <testcase classname="Reports.ReportEngine" name="Notice_report" time="58.201"/>
  <testcase classname="Reports.ReportEngine" name="Karakarni_report" time="60.286"/>
</testsuite> <!-- Reports.ReportEngine -->
