<?xml version="1.0" encoding="UTF-8"?>
<!-- Generated by org.testng.reporters.JUnitReportReporter -->
<testsuite hostname="DESKTOP-PDB47UE" failures="0" tests="2" name="Reports.ReportEngine" time="126.270" errors="0" timestamp="2024-11-08T14:19:09 IST" skipped="0">
  <testcase classname="Reports.ReportEngine" name="Notice_report" time="64.105"/>
  <system-out/>
  <testcase classname="Reports.ReportEngine" name="Karakarni_report" time="62.165"/>
  <system-out/>
</testsuite> <!-- Reports.ReportEngine -->
