<?xml version="1.0" encoding="UTF-8"?>
<!-- Generated by org.testng.reporters.JUnitReportReporter -->
<testsuite hostname="DESKTOP-PDB47UE" failures="0" tests="1" name="Reports.CollectionReports" time="74.177" errors="0" timestamp="2024-11-13T20:59:55 IST" skipped="0">
  <testcase classname="Reports.CollectionReports" name="collectiontest" time="74.177"/>
  <system-out/>
</testsuite> <!-- Reports.CollectionReports -->
