<?xml version="1.0" encoding="UTF-8"?>
<!-- Generated by org.testng.reporters.JUnitReportReporter -->
<testsuite hostname="DESKTOP-PDB47UE" failures="0" tests="2" name="Reports.ReportEngine" time="111.943" errors="0" timestamp="2024-11-26T16:56:24 IST" skipped="0">
  <testcase classname="Reports.ReportEngine" name="Notice_report" time="58.100"/>
  <system-out/>
  <testcase classname="Reports.ReportEngine" name="Karakarni_report" time="53.843"/>
  <system-out/>
</testsuite> <!-- Reports.ReportEngine -->
