<?xml version="1.0" encoding="UTF-8"?>
<!-- Generated by org.testng.reporters.JUnitReportReporter -->
<testsuite hostname="DESKTOP-PDB47UE" failures="0" tests="1" name="SmokTesting.test" time="1.136" errors="0" timestamp="2024-11-13T17:40:16 IST" skipped="0">
  <testcase classname="SmokTesting.test" name="testOne" time="1.136"/>
  <system-out/>
</testsuite> <!-- SmokTesting.test -->
