<?xml version="1.0" encoding="UTF-8"?>
<!-- Generated by org.testng.reporters.JUnitReportReporter -->
<testsuite hostname="DESKTOP-PDB47UE" failures="0" tests="1" name="New_property_Wadhghat.MinorChanges" time="81.004" errors="0" timestamp="2024-11-26T16:56:24 IST" skipped="0">
  <testcase classname="New_property_Wadhghat.MinorChanges" name="performMinorChangeAndVerify" time="81.004"/>
  <system-out/>
</testsuite> <!-- New_property_Wadhghat.MinorChanges -->
