<?xml version="1.0" encoding="UTF-8"?>
<!-- Generated by org.testng.reporters.JUnitReportReporter -->
<<<<<<< HEAD
<testsuite hostname="DESKTOP-PDB47UE" failures="0" tests="1" name="New_property_Wadhghat.Login" time="12.321" errors="0" timestamp="2024-11-13T18:19:43 IST" skipped="0">
  <testcase classname="New_property_Wadhghat.Login" name="loginPage" time="12.321"/>
  <system-out/>
=======
<testsuite hostname="DESKTOP-81MK3MI" failures="0" tests="1" name="New_property_Wadhghat.Login" time="38.080" errors="0" timestamp="12 Nov 2024 06:28:17 GMT" skipped="0">
  <testcase classname="New_property_Wadhghat.Login" name="loginPage" time="38.080"/>
>>>>>>> 0faebc15d0b38994a29fcbaeaeede3ac55941cc6
</testsuite> <!-- New_property_Wadhghat.Login -->
