<?xml version="1.0" encoding="UTF-8"?>
<!-- Generated by org.testng.reporters.JUnitReportReporter -->
<testsuite hostname="DESKTOP-81MK3MI" failures="0" tests="1" name="New_property_Wadhghat.Login" time="9.389" errors="0" timestamp="26 Nov 2024 09:03:30 GMT" skipped="0">
  <testcase classname="New_property_Wadhghat.Login" name="loginPage" time="9.389"/>
</testsuite> <!-- New_property_Wadhghat.Login -->
