<?xml version="1.0" encoding="UTF-8"?>
<!-- Generated by org.testng.reporters.JUnitReportReporter -->
<testsuite hostname="DESKTOP-PDB47UE" failures="0" tests="1" name="SmokTesting.tests" time="6.169" errors="0" timestamp="2024-11-16T12:46:02 IST" skipped="0">
  <testcase classname="SmokTesting.tests" name="testTwo" time="6.169"/>
  <system-out/>
</testsuite> <!-- SmokTesting.tests -->
