<?xml version="1.0" encoding="UTF-8"?>
<!-- Generated by org.testng.reporters.JUnitReportReporter -->
<testsuite hostname="DESKTOP-81MK3MI" failures="0" tests="5" name="Reports.CollectionReports" time="313.695" errors="0" timestamp="29 Nov 2024 10:03:29 GMT" skipped="0">
  <testcase classname="Reports.CollectionReports" name="chequeBounceCollectionReport" time="60.619"/>
  <testcase classname="Reports.CollectionReports" name="chequeClearedCollectionReport" time="54.967"/>
  <testcase classname="Reports.CollectionReports" name="chequeInProcessCollectionReport" time="49.638"/>
  <testcase classname="Reports.CollectionReports" name="DailyCollectionReport" time="89.667"/>
  <testcase classname="Reports.CollectionReports" name="MonthlyCollectionReport" time="58.804"/>
</testsuite> <!-- Reports.CollectionReports -->
