<?xml version="1.0" encoding="UTF-8"?>
<!-- Generated by org.testng.reporters.JUnitReportReporter -->
<testsuite hostname="DESKTOP-PDB47UE" failures="0" tests="7" name="Payments.alltypepayments" time="675.444" errors="0" timestamp="2024-11-23T17:15:41 IST" skipped="0">
  <testcase classname="Payments.alltypepayments" name="CashPayment" time="126.676"/>
  <system-out/>
  <testcase classname="Payments.alltypepayments" name="AdvancePayment" time="86.223"/>
  <system-out/>
  <testcase classname="Payments.alltypepayments" name="chequePayment" time="112.263"/>
  <system-out/>
  <testcase classname="Payments.alltypepayments" name="cheque_fail" time="46.321"/>
  <system-out/>
  <testcase classname="Payments.alltypepayments" name="chequePaymentforClear" time="120.358"/>
  <system-out/>
  <testcase classname="Payments.alltypepayments" name="cheque_clear" time="52.611"/>
  <system-out/>
  <testcase classname="Payments.alltypepayments" name="Card" time="130.992"/>
  <system-out/>
</testsuite> <!-- Payments.alltypepayments -->
