<?xml version="1.0" encoding="UTF-8"?>
<!-- Generated by org.testng.reporters.JUnitReportReporter -->
<testsuite hostname="DESKTOP-81MK3MI" failures="0" tests="10" name="New_property_Wadhghat.CMS_Test" time="442.727" errors="0" timestamp="22 Nov 2024 09:30:56 GMT" skipped="0">
  <testcase classname="New_property_Wadhghat.CMS_Test" name="cmsPageWadhghat" time="21.864"/>
  <testcase classname="New_property_Wadhghat.CMS_Test" name="cmsRegisterPageWadhghat" time="15.965"/>
  <testcase classname="New_property_Wadhghat.CMS_Test" name="cmsComplaintRegisterWadhghat" time="19.209"/>
  <testcase classname="New_property_Wadhghat.CMS_Test" name="searchComplaintWadhghat" time="40.540"/>
  <testcase classname="New_property_Wadhghat.CMS_Test" name="Dataentry_owner_info" time="34.559"/>
  <testcase classname="New_property_Wadhghat.CMS_Test" name="Dataentry_floor_info" time="44.991"/>
  <testcase classname="New_property_Wadhghat.CMS_Test" name="OldTaxex_info" time="44.636"/>
  <testcase classname="New_property_Wadhghat.CMS_Test" name="AddTaxes_and_UploadFiles" time="121.470"/>
  <testcase classname="New_property_Wadhghat.CMS_Test" name="WadhghatApproval" time="13.835"/>
  <testcase classname="New_property_Wadhghat.CMS_Test" name="councilapproval" time="85.658"/>
</testsuite> <!-- New_property_Wadhghat.CMS_Test -->
