<?xml version="1.0" encoding="UTF-8"?>
<!-- Generated by org.testng.reporters.JUnitReportReporter -->
<testsuite hostname="DESKTOP-PDB47UE" failures="0" tests="2" name="Reports.ReportEngine" time="108.938" errors="0" timestamp="2024-11-07T20:07:30 IST" skipped="0">
  <testcase classname="Reports.ReportEngine" name="Notice_report" time="53.755"/>
  <system-out/>
  <testcase classname="Reports.ReportEngine" name="Karakarni_report" time="55.183"/>
  <system-out/>
</testsuite> <!-- Reports.ReportEngine -->
