<?xml version="1.0" encoding="UTF-8"?>
<!-- Generated by org.testng.reporters.JUnitReportReporter -->
<testsuite hostname="DESKTOP-PDB47UE" failures="0" tests="7" name="Payments.alltypepayments" time="517.045" errors="0" timestamp="2024-11-22T13:21:26 IST" skipped="0">
  <testcase classname="Payments.alltypepayments" name="CashPayment" time="104.075"/>
  <system-out/>
  <testcase classname="Payments.alltypepayments" name="AdvancePayment" time="56.432"/>
  <system-out/>
  <testcase classname="Payments.alltypepayments" name="chequePayment" time="83.102"/>
  <system-out/>
  <testcase classname="Payments.alltypepayments" name="cheque_fail" time="44.728"/>
  <system-out/>
  <testcase classname="Payments.alltypepayments" name="chequePaymentforClear" time="81.674"/>
  <system-out/>
  <testcase classname="Payments.alltypepayments" name="cheque_clear" time="50.235"/>
  <system-out/>
  <testcase classname="Payments.alltypepayments" name="Card" time="96.799"/>
  <system-out/>
</testsuite> <!-- Payments.alltypepayments -->
