<?xml version="1.0" encoding="UTF-8"?>
<!-- Generated by org.testng.reporters.JUnitReportReporter -->
<testsuite hostname="DESKTOP-PDB47UE" failures="0" tests="1" name="SmokTesting.test" time="0.016" errors="0" timestamp="2024-11-07T19:31:01 IST" skipped="0">
  <testcase classname="SmokTesting.test" name="testOne" time="0.016"/>
  <system-out/>
</testsuite> <!-- SmokTesting.test -->
