<?xml version="1.0" encoding="UTF-8"?>
<!-- Generated by org.testng.reporters.JUnitReportReporter -->
<testsuite hostname="DESKTOP-81MK3MI" failures="0" tests="1" name="New_property_Wadhghat.Login" time="22.082" errors="0" timestamp="07 Nov 2024 05:22:22 GMT" skipped="0">
  <testcase classname="New_property_Wadhghat.Login" name="loginPage" time="22.082"/>
</testsuite> <!-- New_property_Wadhghat.Login -->
