<?xml version="1.0" encoding="UTF-8"?>
<!-- Generated by org.testng.reporters.JUnitReportReporter -->
<testsuite hostname="DESKTOP-PDB47UE" failures="0" tests="5" name="Reports.CollectionReports" time="381.993" errors="0" timestamp="2024-11-23T17:15:41 IST" skipped="0">
  <testcase classname="Reports.CollectionReports" name="chequeBounceCollectionReport" time="77.696"/>
  <system-out/>
  <testcase classname="Reports.CollectionReports" name="chequeClearedCollectionReport" time="80.867"/>
  <system-out/>
  <testcase classname="Reports.CollectionReports" name="chequeInProcessCollectionReport" time="77.194"/>
  <system-out/>
  <testcase classname="Reports.CollectionReports" name="MonthlyCollectionReport" time="72.548"/>
  <system-out/>
  <testcase classname="Reports.CollectionReports" name="DailyCollectionReport" time="73.688"/>
  <system-out/>
</testsuite> <!-- Reports.CollectionReports -->
