<?xml version="1.0" encoding="UTF-8"?>
<!-- Generated by org.testng.reporters.JUnitReportReporter -->
<testsuite hostname="DESKTOP-81MK3MI" failures="0" tests="2" name="Reports.AccountantReport" time="121.465" errors="0" timestamp="2024-10-28T10:32:54 IST" skipped="0">
  <testcase classname="Reports.AccountantReport" name="loginPage" time="27.779"/>
  <system-out/>
  <testcase classname="Reports.AccountantReport" name="collectiontest" time="93.686"/>
  <system-out/>
</testsuite> <!-- Reports.AccountantReport -->
