<?xml version="1.0" encoding="UTF-8"?>
<!-- Generated by org.testng.reporters.JUnitReportReporter -->
<testsuite hostname="DESKTOP-81MK3MI" failures="0" tests="5" name="Payments.alltypepayments" time="81.166" errors="0" timestamp="11 Nov 2024 13:23:24 GMT" skipped="3">
  <testcase classname="Payments.alltypepayments" name="loginPage" time="22.734"/>
  <testcase classname="Payments.alltypepayments" name="cheque_clear" time="58.432"/>
  <testcase classname="Payments.alltypepayments" name="chequePayment">
    <skipped/>
  </testcase> <!-- chequePayment -->
  <testcase classname="Payments.alltypepayments" name="chequePaymentforClear">
    <skipped/>
  </testcase> <!-- chequePaymentforClear -->
  <testcase classname="Payments.alltypepayments" name="cheque_fail">
    <skipped/>
  </testcase> <!-- cheque_fail -->
</testsuite> <!-- Payments.alltypepayments -->
