<?xml version="1.0" encoding="UTF-8"?>
<!-- Generated by org.testng.reporters.JUnitReportReporter -->
<testsuite hostname="DESKTOP-81MK3MI" failures="0" tests="1" name="New_property_Wadhghat.Login" time="10.624" errors="0" timestamp="13 Nov 2024 11:36:44 GMT" skipped="0">
  <testcase classname="New_property_Wadhghat.Login" name="loginPage" time="10.624"/>
</testsuite> <!-- New_property_Wadhghat.Login -->
