<?xml version="1.0" encoding="UTF-8"?>
<!-- Generated by org.testng.reporters.JUnitReportReporter -->
<testsuite hostname="DESKTOP-PDB47UE" failures="0" tests="2" name="Reports.ReportEngine" time="183.335" errors="0" timestamp="2024-11-13T18:19:43 IST" skipped="0">
  <testcase classname="Reports.ReportEngine" name="Notice_report" time="80.053"/>
  <system-out/>
  <testcase classname="Reports.ReportEngine" name="Karakarni_report" time="103.282"/>
  <system-out/>
</testsuite> <!-- Reports.ReportEngine -->
