<?xml version="1.0" encoding="UTF-8"?>
<!-- Generated by org.testng.reporters.JUnitReportReporter -->
<testsuite hostname="DESKTOP-PDB47UE" failures="0" tests="2" name="Reports.ReportEngine" time="169.789" errors="0" timestamp="2024-11-22T13:21:26 IST" skipped="0">
  <testcase classname="Reports.ReportEngine" name="Notice_report" time="85.671"/>
  <system-out/>
  <testcase classname="Reports.ReportEngine" name="Karakarni_report" time="84.118"/>
  <system-out/>
</testsuite> <!-- Reports.ReportEngine -->
