<?xml version="1.0" encoding="UTF-8"?>
<!-- Generated by org.testng.reporters.JUnitReportReporter -->
<testsuite hostname="DESKTOP-81MK3MI" failures="0" tests="10" name="New_property_Wadhghat.CMS_Test" time="443.576" errors="0" timestamp="12 Dec 2024 07:21:10 GMT" skipped="0">
  <testcase classname="New_property_Wadhghat.CMS_Test" name="cmsPageWadhghat" time="12.104"/>
  <testcase classname="New_property_Wadhghat.CMS_Test" name="cmsRegisterPageWadhghat" time="17.008"/>
  <testcase classname="New_property_Wadhghat.CMS_Test" name="cmsComplaintRegisterWadhghat" time="18.475"/>
  <testcase classname="New_property_Wadhghat.CMS_Test" name="searchComplaintWadhghat" time="43.781"/>
  <testcase classname="New_property_Wadhghat.CMS_Test" name="Dataentry_owner_info" time="34.983"/>
  <testcase classname="New_property_Wadhghat.CMS_Test" name="Dataentry_floor_info" time="48.150"/>
  <testcase classname="New_property_Wadhghat.CMS_Test" name="OldTaxex_info" time="47.575"/>
  <testcase classname="New_property_Wadhghat.CMS_Test" name="AddTaxes_and_UploadFiles" time="116.573"/>
  <testcase classname="New_property_Wadhghat.CMS_Test" name="WadhghatApproval" time="16.985"/>
  <testcase classname="New_property_Wadhghat.CMS_Test" name="councilapproval" time="87.942"/>
</testsuite> <!-- New_property_Wadhghat.CMS_Test -->
