<?xml version="1.0" encoding="UTF-8"?>
<!-- Generated by org.testng.reporters.JUnitReportReporter -->
<testsuite hostname="DESKTOP-81MK3MI" failures="0" tests="1" name="New_property_Wadhghat.Login" time="20.243" errors="0" timestamp="26 Nov 2024 13:54:33 GMT" skipped="0">
  <testcase classname="New_property_Wadhghat.Login" name="loginPage" time="20.243"/>
</testsuite> <!-- New_property_Wadhghat.Login -->
