<?xml version="1.0" encoding="UTF-8"?>
<!-- Generated by org.testng.reporters.JUnitReportReporter -->
<testsuite hostname="DESKTOP-PDB47UE" failures="0" tests="5" name="Reports.CollectionReports" time="348.417" errors="0" timestamp="2024-11-22T13:21:26 IST" skipped="0">
  <testcase classname="Reports.CollectionReports" name="chequeBounceCollectionReport" time="76.438"/>
  <system-out/>
  <testcase classname="Reports.CollectionReports" name="chequeClearedCollectionReport" time="49.913"/>
  <system-out/>
  <testcase classname="Reports.CollectionReports" name="chequeInProcessCollectionReport" time="77.218"/>
  <system-out/>
  <testcase classname="Reports.CollectionReports" name="DailyCollectionReport" time="72.839"/>
  <system-out/>
  <testcase classname="Reports.CollectionReports" name="MonthlyCollectionReport" time="72.009"/>
  <system-out/>
</testsuite> <!-- Reports.CollectionReports -->
