<?xml version="1.0" encoding="UTF-8"?>
<!-- Generated by org.testng.reporters.JUnitReportReporter -->
<testsuite hostname="DESKTOP-81MK3MI" failures="0" tests="8" name="Payments.alltypepayments" time="685.585" errors="0" timestamp="26 Nov 2024 07:58:55 GMT" skipped="0">
  <testcase classname="Payments.alltypepayments" name="CashPayment" time="104.374"/>
  <testcase classname="Payments.alltypepayments" name="AdvancePayment" time="82.380"/>
  <testcase classname="Payments.alltypepayments" name="chequePayment" time="79.838"/>
  <testcase classname="Payments.alltypepayments" name="cheque_fail" time="65.349"/>
  <testcase classname="Payments.alltypepayments" name="chequePaymentforClear" time="85.116"/>
  <testcase classname="Payments.alltypepayments" name="cheque_clear" time="79.080"/>
  <testcase classname="Payments.alltypepayments" name="Card" time="108.696"/>
  <testcase classname="Payments.alltypepayments" name="ddPayment" time="80.752"/>
</testsuite> <!-- Payments.alltypepayments -->
