<?xml version="1.0" encoding="UTF-8"?>
<!-- Generated by org.testng.reporters.JUnitReportReporter -->
<testsuite hostname="DESKTOP-PDB47UE" failures="0" tests="5" name="Reports.CollectionReports" time="317.384" errors="0" timestamp="2024-11-19T19:11:43 IST" skipped="0">
  <testcase classname="Reports.CollectionReports" name="chequeBounceCollectionReport" time="80.384"/>
  <system-out/>
  <testcase classname="Reports.CollectionReports" name="chequeClearedCollectionReport" time="77.209"/>
  <system-out/>
  <testcase classname="Reports.CollectionReports" name="chequeInProcessCollectionReport" time="79.479"/>
  <system-out/>
  <testcase classname="Reports.CollectionReports" name="MonthlyCollectionReport" time="39.238"/>
  <system-out/>
  <testcase classname="Reports.CollectionReports" name="DailyCollectionReport" time="41.074"/>
  <system-out/>
</testsuite> <!-- Reports.CollectionReports -->
