<?xml version="1.0" encoding="UTF-8"?>
<!-- Generated by org.testng.reporters.JUnitReportReporter -->
<testsuite hostname="DESKTOP-81MK3MI" failures="0" tests="1" name="New_property_Wadhghat.Login" time="19.276" errors="0" timestamp="11 Nov 2024 12:50:26 GMT" skipped="0">
  <testcase classname="New_property_Wadhghat.Login" name="loginPage" time="19.276"/>
</testsuite> <!-- New_property_Wadhghat.Login -->
