<?xml version="1.0" encoding="UTF-8"?>
<!-- Generated by org.testng.reporters.JUnitReportReporter -->
<testsuite hostname="DESKTOP-81MK3MI" failures="0" tests="1" name="Reports.CollectionReports" time="72.057" errors="0" timestamp="2024-10-27T19:02:48 IST" skipped="0">
  <testcase classname="Reports.CollectionReports" name="collectiontest" time="72.057"/>
  <system-out/>
</testsuite> <!-- Reports.CollectionReports -->
