<?xml version="1.0" encoding="UTF-8"?>
<!-- Generated by org.testng.reporters.JUnitReportReporter -->
<testsuite hostname="DESKTOP-PDB47UE" failures="0" tests="1" name="Reports.CollectionReports" time="73.653" errors="0" timestamp="2024-11-13T18:19:43 IST" skipped="0">
  <testcase classname="Reports.CollectionReports" name="collectiontest" time="73.653"/>
  <system-out/>
</testsuite> <!-- Reports.CollectionReports -->
