<?xml version="1.0" encoding="UTF-8"?>
<!-- Generated by org.testng.reporters.JUnitReportReporter -->
<testsuite hostname="DESKTOP-PDB47UE" failures="0" tests="1" name="Reports.CollectionReports" time="49.140" errors="0" timestamp="2024-11-08T14:19:09 IST" skipped="0">
  <testcase classname="Reports.CollectionReports" name="collectiontest" time="49.140"/>
  <system-out/>
</testsuite> <!-- Reports.CollectionReports -->
