<?xml version="1.0" encoding="UTF-8"?>
<!-- Generated by org.testng.reporters.JUnitReportReporter -->
<testsuite hostname="DESKTOP-PDB47UE" failures="0" tests="1" name="New_property_Wadhghat.Login" time="20.876" errors="0" timestamp="2024-11-23T17:15:41 IST" skipped="0">
  <testcase classname="New_property_Wadhghat.Login" name="loginPage" time="20.876"/>
  <system-out/>
</testsuite> <!-- New_property_Wadhghat.Login -->
