<?xml version="1.0" encoding="UTF-8"?>
<!-- Generated by org.testng.reporters.JUnitReportReporter -->
<testsuite hostname="DESKTOP-81MK3MI" failures="0" tests="5" name="Reports.CollectionReports" time="230.378" errors="0" timestamp="12 Dec 2024 07:21:10 GMT" skipped="0">
  <testcase classname="Reports.CollectionReports" name="chequeBounceCollectionReport" time="64.232"/>
  <testcase classname="Reports.CollectionReports" name="chequeClearedCollectionReport" time="51.079"/>
  <testcase classname="Reports.CollectionReports" name="chequeInProcessCollectionReport" time="61.554"/>
  <testcase classname="Reports.CollectionReports" name="DailyCollectionReport" time="26.813"/>
  <testcase classname="Reports.CollectionReports" name="MonthlyCollectionReport" time="26.700"/>
</testsuite> <!-- Reports.CollectionReports -->
