<?xml version="1.0" encoding="UTF-8"?>
<!-- Generated by org.testng.reporters.JUnitReportReporter -->
<testsuite hostname="DESKTOP-81MK3MI" failures="0" tests="1" name="New_property_Wadhghat.MinorChanges" time="84.789" errors="0" timestamp="12 Dec 2024 07:21:10 GMT" skipped="0">
  <testcase classname="New_property_Wadhghat.MinorChanges" name="performMinorChangeAndVerify" time="84.789"/>
</testsuite> <!-- New_property_Wadhghat.MinorChanges -->
