<?xml version="1.0" encoding="UTF-8"?>
<!-- Generated by org.testng.reporters.JUnitReportReporter -->
<testsuite hostname="DESKTOP-PDB47UE" failures="0" tests="1" name="New_property_Wadhghat.Login" time="8.182" errors="0" timestamp="2024-11-16T15:16:34 IST" skipped="0">
  <testcase classname="New_property_Wadhghat.Login" name="loginPage" time="8.182"/>
  <system-out/>
</testsuite> <!-- New_property_Wadhghat.Login -->
