<?xml version="1.0" encoding="UTF-8"?>
<!-- Generated by org.testng.reporters.JUnitReportReporter -->
<testsuite hostname="DESKTOP-PDB47UE" failures="0" tests="3" name="Reports.DownloadReports" time="174.135" errors="0" timestamp="2024-11-19T19:11:43 IST" skipped="0">
  <testcase classname="Reports.DownloadReports" name="DownloadCounterReports" time="69.089"/>
  <system-out/>
  <testcase classname="Reports.DownloadReports" name="AssismentNakkal" time="50.853"/>
  <system-out/>
  <testcase classname="Reports.DownloadReports" name="NoDueCertificate" time="54.193"/>
  <system-out/>
</testsuite> <!-- Reports.DownloadReports -->
