<?xml version="1.0" encoding="UTF-8"?>
<!-- Generated by org.testng.reporters.JUnitReportReporter -->
<testsuite hostname="DESKTOP-81MK3MI" failures="0" tests="1" name="New_property_Wadhghat.Login" time="10.488" errors="0" timestamp="29 Nov 2024 10:25:36 GMT" skipped="0">
  <testcase classname="New_property_Wadhghat.Login" name="loginPage" time="10.488"/>
</testsuite> <!-- New_property_Wadhghat.Login -->
