<?xml version="1.0" encoding="UTF-8"?>
<!-- Generated by org.testng.reporters.JUnitReportReporter -->
<testsuite hostname="DESKTOP-81MK3MI" failures="0" tests="3" name="Reports.DownloadReports" time="181.701" errors="0" timestamp="21 Dec 2024 06:22:48 GMT" skipped="0">
  <testcase classname="Reports.DownloadReports" name="DownloadCounterReports" time="85.160"/>
  <testcase classname="Reports.DownloadReports" name="AssismentNakkal" time="53.308"/>
  <testcase classname="Reports.DownloadReports" name="NoDueCertificate" time="43.233"/>
</testsuite> <!-- Reports.DownloadReports -->
