<?xml version="1.0" encoding="UTF-8"?>
<!-- Generated by org.testng.reporters.JUnitReportReporter -->
<testsuite hostname="DESKTOP-81MK3MI" failures="0" tests="2" name="Reports.ReportEngine" time="206.671" errors="0" timestamp="12 Nov 2024 06:28:17 GMT" skipped="0">
  <testcase classname="Reports.ReportEngine" name="Notice_report" time="103.128"/>
  <testcase classname="Reports.ReportEngine" name="Karakarni_report" time="103.543"/>
</testsuite> <!-- Reports.ReportEngine -->
