<?xml version="1.0" encoding="UTF-8"?>
<!-- Generated by org.testng.reporters.JUnitReportReporter -->
<testsuite hostname="DESKTOP-PDB47UE" failures="0" tests="3" name="Reports.DownloadReports" time="171.264" errors="0" timestamp="2024-11-13T18:19:43 IST" skipped="0">
  <testcase classname="Reports.DownloadReports" name="DownloadCounterReports" time="64.155"/>
  <system-out/>
  <testcase classname="Reports.DownloadReports" name="AssismentNakkal" time="60.386"/>
  <system-out/>
  <testcase classname="Reports.DownloadReports" name="NoDueCertificate" time="46.723"/>
  <system-out/>
</testsuite> <!-- Reports.DownloadReports -->
