<?xml version="1.0" encoding="UTF-8"?>
<!-- Generated by org.testng.reporters.JUnitReportReporter -->
<testsuite hostname="DESKTOP-81MK3MI" failures="0" tests="2" name="Reports.ReportEngine" time="119.287" errors="0" timestamp="21 Dec 2024 06:22:48 GMT" skipped="0">
  <testcase classname="Reports.ReportEngine" name="Notice_report" time="59.316"/>
  <testcase classname="Reports.ReportEngine" name="Karakarni_report" time="59.971"/>
</testsuite> <!-- Reports.ReportEngine -->
