<?xml version="1.0" encoding="UTF-8"?>
<!-- Generated by org.testng.reporters.JUnitReportReporter -->
<<<<<<< HEAD
<testsuite hostname="DESKTOP-81MK3MI" failures="0" tests="10" name="New_property_Wadhghat.CMS_Test" time="337.416" errors="1" timestamp="29 Nov 2024 10:25:36 GMT" skipped="2">
  <testcase classname="New_property_Wadhghat.CMS_Test" name="cmsPageWadhghat" time="22.159"/>
  <testcase classname="New_property_Wadhghat.CMS_Test" name="cmsRegisterPageWadhghat" time="16.668"/>
  <testcase classname="New_property_Wadhghat.CMS_Test" name="cmsComplaintRegisterWadhghat" time="18.444"/>
  <testcase classname="New_property_Wadhghat.CMS_Test" name="searchComplaintWadhghat" time="43.802"/>
  <testcase classname="New_property_Wadhghat.CMS_Test" name="Dataentry_owner_info" time="34.651"/>
  <testcase classname="New_property_Wadhghat.CMS_Test" name="Dataentry_floor_info" time="54.240"/>
  <testcase classname="New_property_Wadhghat.CMS_Test" name="OldTaxex_info" time="57.334"/>
  <testcase classname="New_property_Wadhghat.CMS_Test" name="AddTaxes_and_UploadFiles" time="90.118">
    <error message="no such element: Unable to locate element: {&quot;method&quot;:&quot;xpath&quot;,&quot;selector&quot;:&quot;//a[@id=&#039;ContentPlaceHolder1_GVWadhGhatDocument_lnkUpload_9&#039;]&quot;}
  (Session info: chrome=131.0.6778.86)
For documentation on this error, please visit: https://www.selenium.dev/documentation/webdriver/troubleshooting/errors#no-such-element-exception
Build info: version: &#039;4.19.1&#039;, revision: &#039;abe0ee07dc&#039;
System info: os.name: &#039;Windows 10&#039;, os.arch: &#039;amd64&#039;, os.version: &#039;10.0&#039;, java.version: &#039;23&#039;
Driver info: org.openqa.selenium.chrome.ChromeDriver
Command: [da5c4fbf757c871be95c25a9b27c8fc1, findElement {using=xpath, value=//a[@id=&#039;ContentPlaceHolder1_GVWadhGhatDocument_lnkUpload_9&#039;]}]
Capabilities {acceptInsecureCerts: false, browserName: chrome, browserVersion: 131.0.6778.86, chrome: {chromedriverVersion: 131.0.6778.85 (3d81e41b6f3a..., userDataDir: C:\Users\admin\AppData\Loca...}, fedcm:accounts: true, goog:chromeOptions: {debuggerAddress: localhost:58408}, networkConnectionEnabled: false, pageLoadStrategy: normal, platformName: windows, proxy: Proxy(), se:cdp: ws://localhost:58408/devtoo..., se:cdpVersion: 131.0.6778.86, setWindowRect: true, strictFileInteractability: false, timeouts: {implicit: 0, pageLoad: 300000, script: 30000}, unhandledPromptBehavior: dismiss and notify, webauthn:extension:credBlob: true, webauthn:extension:largeBlob: true, webauthn:extension:minPinLength: true, webauthn:extension:prf: true, webauthn:virtualAuthenticators: true}
Session ID: da5c4fbf757c871be95c25a9b27c8fc1" type="org.openqa.selenium.NoSuchElementException">
      <![CDATA[org.openqa.selenium.NoSuchElementException: no such element: Unable to locate element: {"method":"xpath","selector":"//a[@id='ContentPlaceHolder1_GVWadhGhatDocument_lnkUpload_9']"}
  (Session info: chrome=131.0.6778.86)
For documentation on this error, please visit: https://www.selenium.dev/documentation/webdriver/troubleshooting/errors#no-such-element-exception
Build info: version: '4.19.1', revision: 'abe0ee07dc'
System info: os.name: 'Windows 10', os.arch: 'amd64', os.version: '10.0', java.version: '23'
Driver info: org.openqa.selenium.chrome.ChromeDriver
Command: [da5c4fbf757c871be95c25a9b27c8fc1, findElement {using=xpath, value=//a[@id='ContentPlaceHolder1_GVWadhGhatDocument_lnkUpload_9']}]
Capabilities {acceptInsecureCerts: false, browserName: chrome, browserVersion: 131.0.6778.86, chrome: {chromedriverVersion: 131.0.6778.85 (3d81e41b6f3a..., userDataDir: C:\Users\admin\AppData\Loca...}, fedcm:accounts: true, goog:chromeOptions: {debuggerAddress: localhost:58408}, networkConnectionEnabled: false, pageLoadStrategy: normal, platformName: windows, proxy: Proxy(), se:cdp: ws://localhost:58408/devtoo..., se:cdpVersion: 131.0.6778.86, setWindowRect: true, strictFileInteractability: false, timeouts: {implicit: 0, pageLoad: 300000, script: 30000}, unhandledPromptBehavior: dismiss and notify, webauthn:extension:credBlob: true, webauthn:extension:largeBlob: true, webauthn:extension:minPinLength: true, webauthn:extension:prf: true, webauthn:virtualAuthenticators: true}
Session ID: da5c4fbf757c871be95c25a9b27c8fc1
	at java.base/jdk.internal.reflect.DirectConstructorHandleAccessor.newInstance(DirectConstructorHandleAccessor.java:62)
	at java.base/java.lang.reflect.Constructor.newInstanceWithCaller(Constructor.java:501)
	at java.base/java.lang.reflect.Constructor.newInstance(Constructor.java:485)
	at org.openqa.selenium.remote.ErrorCodec.decode(ErrorCodec.java:167)
	at org.openqa.selenium.remote.codec.w3c.W3CHttpResponseCodec.decode(W3CHttpResponseCodec.java:138)
	at org.openqa.selenium.remote.codec.w3c.W3CHttpResponseCodec.decode(W3CHttpResponseCodec.java:50)
	at org.openqa.selenium.remote.HttpCommandExecutor.execute(HttpCommandExecutor.java:190)
	at org.openqa.selenium.remote.service.DriverCommandExecutor.invokeExecute(DriverCommandExecutor.java:216)
	at org.openqa.selenium.remote.service.DriverCommandExecutor.execute(DriverCommandExecutor.java:174)
	at org.openqa.selenium.remote.RemoteWebDriver.execute(RemoteWebDriver.java:518)
	at org.openqa.selenium.remote.ElementLocation$ElementFinder$2.findElement(ElementLocation.java:165)
	at org.openqa.selenium.remote.ElementLocation.findElement(ElementLocation.java:59)
	at org.openqa.selenium.remote.RemoteWebDriver.findElement(RemoteWebDriver.java:355)
	at org.openqa.selenium.remote.RemoteWebDriver.findElement(RemoteWebDriver.java:349)
	at org.openqa.selenium.support.pagefactory.DefaultElementLocator.findElement(DefaultElementLocator.java:68)
	at org.openqa.selenium.support.pagefactory.internal.LocatingElementHandler.invoke(LocatingElementHandler.java:38)
	at jdk.proxy2/jdk.proxy2.$Proxy15.click(Unknown Source)
	at pom.AddTaxesPage.document_upload_wadhaghat_kagadpatra10(AddTaxesPage.java:209)
	at New_property_Wadhghat.CMS_Test.AddTaxes_and_UploadFiles(CMS_Test.java:378)
	at java.base/jdk.internal.reflect.DirectMethodHandleAccessor.invoke(DirectMethodHandleAccessor.java:103)
	at java.base/java.lang.reflect.Method.invoke(Method.java:580)
	at org.testng.internal.MethodInvocationHelper.invokeMethod(MethodInvocationHelper.java:108)
	at org.testng.internal.Invoker.invokeMethod(Invoker.java:661)
	at org.testng.internal.Invoker.invokeTestMethod(Invoker.java:869)
	at org.testng.internal.Invoker.invokeTestMethods(Invoker.java:1193)
	at org.testng.internal.TestMethodWorker.invokeTestMethods(TestMethodWorker.java:126)
	at org.testng.internal.TestMethodWorker.run(TestMethodWorker.java:109)
	at org.testng.TestRunner.privateRun(TestRunner.java:744)
	at org.testng.TestRunner.run(TestRunner.java:602)
	at org.testng.SuiteRunner.runTest(SuiteRunner.java:380)
	at org.testng.SuiteRunner.runSequentially(SuiteRunner.java:375)
	at org.testng.SuiteRunner.privateRun(SuiteRunner.java:340)
	at org.testng.SuiteRunner.run(SuiteRunner.java:289)
	at org.testng.SuiteRunnerWorker.runSuite(SuiteRunnerWorker.java:52)
	at org.testng.SuiteRunnerWorker.run(SuiteRunnerWorker.java:86)
	at org.testng.TestNG.runSuitesSequentially(TestNG.java:1301)
	at org.testng.TestNG.runSuitesLocally(TestNG.java:1226)
	at org.testng.TestNG.runSuites(TestNG.java:1144)
	at org.testng.TestNG.run(TestNG.java:1115)
	at org.testng.remote.AbstractRemoteTestNG.run(AbstractRemoteTestNG.java:115)
	at org.testng.remote.RemoteTestNG.initAndRun(RemoteTestNG.java:293)
	at org.testng.remote.RemoteTestNG.main(RemoteTestNG.java:91)
]]>
    </error>
  </testcase> <!-- AddTaxes_and_UploadFiles -->
  <testcase classname="New_property_Wadhghat.CMS_Test" name="WadhghatApproval" time="0.000">
    <skipped/>
  </testcase> <!-- WadhghatApproval -->
  <testcase classname="New_property_Wadhghat.CMS_Test" name="councilapproval" time="0.000">
    <skipped/>
  </testcase> <!-- councilapproval -->
=======
<testsuite hostname="DESKTOP-PDB47UE" failures="0" tests="10" name="New_property_Wadhghat.CMS_Test" time="452.694" errors="0" timestamp="2024-11-26T16:56:24 IST" skipped="0">
  <testcase classname="New_property_Wadhghat.CMS_Test" name="cmsPageWadhghat" time="14.147"/>
  <system-out/>
  <testcase classname="New_property_Wadhghat.CMS_Test" name="cmsRegisterPageWadhghat" time="17.728"/>
  <system-out/>
  <testcase classname="New_property_Wadhghat.CMS_Test" name="cmsComplaintRegisterWadhghat" time="20.762"/>
  <system-out/>
  <testcase classname="New_property_Wadhghat.CMS_Test" name="searchComplaintWadhghat" time="38.747"/>
  <system-out/>
  <testcase classname="New_property_Wadhghat.CMS_Test" name="Dataentry_owner_info" time="35.213"/>
  <system-out/>
  <testcase classname="New_property_Wadhghat.CMS_Test" name="Dataentry_floor_info" time="48.117"/>
  <system-out/>
  <testcase classname="New_property_Wadhghat.CMS_Test" name="OldTaxex_info" time="48.295"/>
  <system-out/>
  <testcase classname="New_property_Wadhghat.CMS_Test" name="AddTaxes_and_UploadFiles" time="119.372"/>
  <system-out/>
  <testcase classname="New_property_Wadhghat.CMS_Test" name="WadhghatApproval" time="17.406"/>
  <system-out/>
  <testcase classname="New_property_Wadhghat.CMS_Test" name="councilapproval" time="92.907"/>
  <system-out/>
>>>>>>> test
</testsuite> <!-- New_property_Wadhghat.CMS_Test -->
