<?xml version="1.0" encoding="UTF-8"?>
<!-- Generated by org.testng.reporters.JUnitReportReporter -->
<testsuite hostname="DESKTOP-PDB47UE" failures="0" tests="3" name="Reports.DownloadReports" time="288.300" errors="0" timestamp="2024-11-23T17:15:41 IST" skipped="0">
  <testcase classname="Reports.DownloadReports" name="DownloadCounterReports" time="125.505"/>
  <system-out/>
  <testcase classname="Reports.DownloadReports" name="AssismentNakkal" time="79.764"/>
  <system-out/>
  <testcase classname="Reports.DownloadReports" name="NoDueCertificate" time="83.031"/>
  <system-out/>
</testsuite> <!-- Reports.DownloadReports -->
