<?xml version="1.0" encoding="UTF-8"?>
<!-- Generated by org.testng.reporters.JUnitReportReporter -->
<testsuite hostname="DESKTOP-PDB47UE" failures="0" tests="7" name="Payments.alltypepayments" time="511.955" errors="0" timestamp="2024-11-19T19:11:43 IST" skipped="0">
  <testcase classname="Payments.alltypepayments" name="CashPayment" time="96.278"/>
  <system-out/>
  <testcase classname="Payments.alltypepayments" name="AdvancePayment" time="55.790"/>
  <system-out/>
  <testcase classname="Payments.alltypepayments" name="chequePayment" time="83.000"/>
  <system-out/>
  <testcase classname="Payments.alltypepayments" name="cheque_fail" time="44.865"/>
  <system-out/>
  <testcase classname="Payments.alltypepayments" name="chequePaymentforClear" time="82.501"/>
  <system-out/>
  <testcase classname="Payments.alltypepayments" name="cheque_clear" time="51.261"/>
  <system-out/>
  <testcase classname="Payments.alltypepayments" name="Card" time="98.260"/>
  <system-out/>
</testsuite> <!-- Payments.alltypepayments -->
