<?xml version="1.0" encoding="UTF-8"?>
<!-- Generated by org.testng.reporters.JUnitReportReporter -->
<<<<<<< HEAD
<testsuite hostname="DESKTOP-PDB47UE" failures="0" tests="2" name="Reports.ReportEngine" time="183.335" errors="0" timestamp="2024-11-13T18:19:43 IST" skipped="0">
  <testcase classname="Reports.ReportEngine" name="Notice_report" time="80.053"/>
  <system-out/>
  <testcase classname="Reports.ReportEngine" name="Karakarni_report" time="103.282"/>
  <system-out/>
=======
<testsuite hostname="DESKTOP-81MK3MI" failures="0" tests="2" name="Reports.ReportEngine" time="206.671" errors="0" timestamp="12 Nov 2024 06:28:17 GMT" skipped="0">
  <testcase classname="Reports.ReportEngine" name="Notice_report" time="103.128"/>
  <testcase classname="Reports.ReportEngine" name="Karakarni_report" time="103.543"/>
>>>>>>> 0faebc15d0b38994a29fcbaeaeede3ac55941cc6
</testsuite> <!-- Reports.ReportEngine -->
