<?xml version="1.0" encoding="UTF-8"?>
<!-- Generated by org.testng.reporters.JUnitReportReporter -->
<testsuite hostname="DESKTOP-PDB47UE" failures="0" tests="3" name="Reports.DownloadReports" time="161.786" errors="0" timestamp="2024-11-26T16:56:24 IST" skipped="0">
  <testcase classname="Reports.DownloadReports" name="DownloadCounterReports" time="65.380"/>
  <system-out/>
  <testcase classname="Reports.DownloadReports" name="AssismentNakkal" time="45.854"/>
  <system-out/>
  <testcase classname="Reports.DownloadReports" name="NoDueCertificate" time="50.552"/>
  <system-out/>
</testsuite> <!-- Reports.DownloadReports -->
