<?xml version="1.0" encoding="UTF-8"?>
<!-- Generated by org.testng.reporters.JUnitReportReporter -->
<testsuite hostname="DESKTOP-81MK3MI" failures="0" tests="11" name="New_property_Wadhghat.CMS_Test" time="526.335" errors="0" timestamp="13 Nov 2024 11:36:44 GMT" skipped="0">
  <testcase classname="New_property_Wadhghat.CMS_Test" name="cmsPageWadhghat" time="15.789"/>
  <testcase classname="New_property_Wadhghat.CMS_Test" name="cmsRegisterPageWadhghat" time="16.822"/>
  <testcase classname="New_property_Wadhghat.CMS_Test" name="cmsComplaintRegisterWadhghat" time="19.328"/>
  <testcase classname="New_property_Wadhghat.CMS_Test" name="searchComplaintWadhghat" time="42.049"/>
  <testcase classname="New_property_Wadhghat.CMS_Test" name="Dataentry_owner_info" time="33.656"/>
  <testcase classname="New_property_Wadhghat.CMS_Test" name="Dataentry_floor_info" time="49.403"/>
  <testcase classname="New_property_Wadhghat.CMS_Test" name="OldTaxex_info" time="80.304"/>
  <testcase classname="New_property_Wadhghat.CMS_Test" name="AddTaxes_and_UploadFiles" time="132.585"/>
  <testcase classname="New_property_Wadhghat.CMS_Test" name="WadhghatApproval" time="14.753"/>
  <testcase classname="New_property_Wadhghat.CMS_Test" name="councilapproval" time="85.321"/>
  <testcase classname="New_property_Wadhghat.CMS_Test" name="SearchOnCounter" time="36.325"/>
</testsuite> <!-- New_property_Wadhghat.CMS_Test -->
