<?xml version="1.0" encoding="UTF-8"?>
<!-- Generated by org.testng.reporters.JUnitReportReporter -->
<testsuite hostname="DESKTOP-81MK3MI" failures="0" tests="1" name="Reports.CollectionReports" time="67.225" errors="0" timestamp="19 Dec 2024 08:43:20 GMT" skipped="0">
  <testcase classname="Reports.CollectionReports" name="TabDailyCollectionReport" time="67.225"/>
</testsuite> <!-- Reports.CollectionReports -->
