<?xml version="1.0" encoding="UTF-8"?>
<!-- Generated by org.testng.reporters.JUnitReportReporter -->
<testsuite hostname="DESKTOP-81MK3MI" failures="0" tests="2" name="Reports.ReportEngine" time="225.476" errors="0" timestamp="19 Dec 2024 08:40:40 GMT" skipped="0">
  <testcase classname="Reports.ReportEngine" name="Notice_report" time="112.790"/>
  <testcase classname="Reports.ReportEngine" name="Karakarni_report" time="112.686"/>
</testsuite> <!-- Reports.ReportEngine -->
