<?xml version="1.0" encoding="UTF-8"?>
<!-- Generated by org.testng.reporters.JUnitReportReporter -->
<testsuite hostname="DESKTOP-81MK3MI" failures="0" tests="1" name="New_property_Wadhghat.MinorChanges" time="79.827" errors="0" timestamp="29 Nov 2024 10:03:29 GMT" skipped="0">
  <testcase classname="New_property_Wadhghat.MinorChanges" name="performMinorChangeAndVerify" time="79.827"/>
</testsuite> <!-- New_property_Wadhghat.MinorChanges -->
