<?xml version="1.0" encoding="UTF-8"?>
<!-- Generated by org.testng.reporters.JUnitReportReporter -->
<testsuite hostname="DESKTOP-PDB47UE" failures="0" tests="1" name="Reports.CollectionReports" time="44.720" errors="0" timestamp="2024-11-16T15:00:07 IST" skipped="0">
  <testcase classname="Reports.CollectionReports" name="collectiontest" time="44.720"/>
  <system-out/>
</testsuite> <!-- Reports.CollectionReports -->
