<?xml version="1.0" encoding="UTF-8"?>
<!-- Generated by org.testng.reporters.JUnitReportReporter -->
<testsuite hostname="DESKTOP-81MK3MI" failures="0" tests="1" name="SmokTesting.WebsiteHealthCheck" time="36.302" errors="0" timestamp="2024-12-21T11:33:13 IST" skipped="0">
  <testcase classname="SmokTesting.WebsiteHealthCheck" name="testWebsites" time="36.302"/>
  <system-out/>
</testsuite> <!-- SmokTesting.WebsiteHealthCheck -->
